<?xml version="1.0" encoding="UTF-8"?>
<!-- Generated by org.testng.reporters.JUnitXMLReporter -->
<testsuite hostname="DESKTOP-QHTJFSA" ignored="4" name="Test_farid" tests="3" failures="0" timestamp="20 Apr 2023 02:13:22 GMT" time="181.366" errors="0">
  <testcase name="f" time="76.409" classname="testng_suites_farid.TC13_Remove_From_Cart"/>
  <testcase name="f" time="40.396" classname="testng_suites_farid.TC11_Sort_Breakfast_Included"/>
  <testcase name="f" time="53.775" classname="testng_suites_farid.TC12_Add_To_Cart"/>
  <testcase name="@BeforeSuite beforeSuite" time="0.0" classname="testng_suites_farid.TC11_Sort_Breakfast_Included">
    <ignored/>
  </testcase> <!-- @BeforeSuite beforeSuite -->
  <testcase name="@BeforeSuite beforeSuite" time="0.0" classname="testng_suites_farid.TC11_Sort_Breakfast_Included">
    <ignored/>
  </testcase> <!-- @BeforeSuite beforeSuite -->
  <testcase name="@AfterSuite afterSuite" time="0.0" classname="testng_suites_farid.TC11_Sort_Breakfast_Included">
    <ignored/>
  </testcase> <!-- @AfterSuite afterSuite -->
  <testcase name="@AfterSuite afterSuite" time="0.0" classname="testng_suites_farid.TC11_Sort_Breakfast_Included">
    <ignored/>
  </testcase> <!-- @AfterSuite afterSuite -->
</testsuite> <!-- Test_farid -->
